<?xml version="1.0" encoding="UTF-8"?>
<testsuite name="com.epam.esm.order.OrderServiceTest" tests="5" skipped="0" failures="0" errors="0" timestamp="2020-08-04T08:32:07" hostname="nombran-Lenovo-ideapad-100-15IBD" time="0.12">
  <properties/>
  <testcase name="create_orderWithNonactiveCertificate_shouldThrowException()" classname="com.epam.esm.order.OrderServiceTest" time="0.064"/>
  <testcase name="create_correctOrder_shouldReturnOrderWithCorrectTotalCost()" classname="com.epam.esm.order.OrderServiceTest" time="0.027"/>
  <testcase name="findByUserId_correctId_shouldReturnCorrectPageMetadata()" classname="com.epam.esm.order.OrderServiceTest" time="0.013"/>
  <testcase name="create_correctOrder_shouldCallDaoCreate()" classname="com.epam.esm.order.OrderServiceTest" time="0.008"/>
  <testcase name="create_nonexistentUserId_shouldThrowException()" classname="com.epam.esm.order.OrderServiceTest" time="0.004"/>
  <system-out><![CDATA[]]></system-out>
  <system-err><![CDATA[]]></system-err>
</testsuite>
