<?xml version="1.0" encoding="UTF-8"?>
<testsuite name="com.epam.esm.user.UserServiceTest" tests="5" skipped="0" failures="0" errors="0" timestamp="2020-07-27T10:27:21" hostname="nombran-Lenovo-ideapad-100-15IBD" time="1.17">
  <properties/>
  <testcase name="update_nonexistentUserId_shouldTrowException()" classname="com.epam.esm.user.UserServiceTest" time="1.065"/>
  <testcase name="create_correctUser_shouldCallDaoCreate()" classname="com.epam.esm.user.UserServiceTest" time="0.064"/>
  <testcase name="update_correctUser_shouldCallDaoCreate()" classname="com.epam.esm.user.UserServiceTest" time="0.014"/>
  <testcase name="create_correctUser_shouldReturnUserWithId()" classname="com.epam.esm.user.UserServiceTest" time="0.012"/>
  <testcase name="find_nonexistentId_shouldThrowException()" classname="com.epam.esm.user.UserServiceTest" time="0.003"/>
  <system-out><![CDATA[]]></system-out>
  <system-err><![CDATA[]]></system-err>
</testsuite>
